# HOMEWORK #12. Индексы.

### 1. Пересматриваем индексы на своем проекте. По необходимости меняем.Задача - сделать полнотекстовый индекс, который ищет по свойствам, названию товара и описанию. Если нет аналогичной задачи в проекте - имитируем. Итог: анализируем свой проект - добавляем или обновляем индексы в README пропишите какие индексы были изменены или добавлены explain и результаты выборки без индекса и с индексом. Реализация полнотекстового индекса.

```sql
-- добавим новое поле, для использования полнотекстового индекса:
alter table product add fulltext (product_name, description);

-- пример запроса:
explain analyze format = tree
select p.product_name, p.description from product p
where match(product_name, description)
against('milk' in natural language mode);

-- план запроса с индексом:
-> Limit: 200 row(s) (cost=0.35 rows=1) (actual time=0.0229..0.0279 rows=2 loops=1)
-> Filter: (match p.product_name,p.`description` against ('milk')) (cost=0.35 rows=1) (actual time=0.0221..0.0268 rows=2 loops=1)
-> Full-text index search on p using product_name (product_name='milk') (cost=0.35 rows=1) (actual time=0.021..0.0253 rows=2 loops=1)

-- план запроса без индекса:
-> Limit: 200 row(s) (cost=0.65 rows=1) (actual time=0.0299..0.0443 rows=2 loops=1)
-> Filter: (p.`description` like '%milk%') (cost=0.65 rows=1) (actual time=0.029..0.0432 rows=2 loops=1)
-> Table scan on p (cost=0.65 rows=4) (actual time=0.0252..0.0326 rows=4 loops=1)

-- ----------------
-- Список индексов:
-- ----------------

-- TABLE: CUSTOMER
CREATE INDEX idx_customer_display ON customer ((upper(alias)));

CREATE INDEX idx_customer_fn_ln ON customer (first_name, last_name);
--

-- TABLE: SALES_ITEM
CREATE INDEX idx_sales_item_prod_disc ON sales_item (product_id, discount);

CREATE INDEX idx_sales_item_prod_lp ON sales_item (product_id, list_price);

CREATE INDEX idx_sales_item_prod_quan ON sales_item (product_id, quantity);
--

-- TABLE: STORE
CREATE INDEX idx_store_city ON store ((upper(city)));

CREATE INDEX idx_store_stname_city_street ON store ((upper(store_name)),((upper(city))), ((upper(street))));

CREATE INDEX idx_store_store_city ON store ((upper(store_name)),((upper(city))));

CREATE INDEX idx_store_store_street ON store ((upper(store_name)), ((upper(street))));
--

-- TABLE: MANUFACTURER
CREATE INDEX idx_manufacturer_prodname ON manufacturer ((upper(producer_name)));
--

-- TABLE: VENDOR
CREATE INDEX idx_vendor_vendname ON vendor ((upper(vendor_name)));
--

-- TABLE: CATEGORY
CREATE INDEX idx_category_catname ON category ((upper(category_name)));
--

-- TABLE: PRODUCT
CREATE INDEX idx_product_prodname ON product ((upper(product_name)));

CREATE INDEX idx_product_prodname_lp ON product ((upper(product_name)), list_price);
--
```
